# JRE version: OpenJDK Runtime Environment Temurin-21.0.10+7 (21.0.10+7) (build 21.0.10+7-LTS)
# Java VM: OpenJDK 64-Bit Server VM Temurin-21.0.10+7 (21.0.10+7-LTS, mixed mode, sharing, tiered, compressed oops, compressed class ptrs, parallel gc, windows-amd64)
GC Precious Log:
 CardTable entry size: 512
 CPUs: 12 total, 12 available
 Memory: 5996M
 Large Page Support: Disabled
 NUMA Support: Disabled
 Compressed Oops: Enabled (32-bit)
 Alignments: Space 512K, Generation 512K, Heap 2M
 Heap Min Capacity: 100M
 Heap Initial Capacity: 100M
 Heap Max Capacity: 2G
 Pre-touch: Disabled
 Parallel Workers: 10
Heap:
 PSYoungGen      total 2560K, used 1735K [0x00000000d5580000, 0x00000000d5980000, 0x0000000100000000)
  eden space 2048K, 70% used [0x00000000d5580000,0x00000000d56e9cc0,0x00000000d5780000)
  from space 512K, 56% used [0x00000000d5900000,0x00000000d5948000,0x00000000d5980000)
  to   space 512K, 0% used [0x00000000d5880000,0x00000000d5880000,0x00000000d5900000)
 ParOldGen       total 625664K, used 625196K [0x0000000080000000, 0x00000000a6300000, 0x00000000d5580000)
  object space 625664K, 99% used [0x0000000080000000,0x00000000a628b018,0x00000000a6300000)
 Metaspace       used 72769K, committed 74368K, reserved 1179648K
  class space    used 7620K, committed 8320K, reserved 1048576K
GC Heap History (20 events):
Event: 53.757 GC heap before
{Heap before GC invocations=1062 (full 3):
 PSYoungGen      total 2048K, used 1856K [0x00000000d5580000, 0x00000000d5980000, 0x0000000100000000)
  eden space 1536K, 100% used [0x00000000d5580000,0x00000000d5700000,0x00000000d5700000)
  from space 512K, 62% used [0x00000000d5900000,0x00000000d5950000,0x00000000d5980000)
  to   space 512K, 0% used [0x00000000d5880000,0x00000000d5880000,0x00000000d5900000)
 ParOldGen       total 624128K, used 624003K [0x0000000080000000, 0x00000000a6180000, 0x00000000d5580000)
  object space 624128K, 99% used [0x0000000080000000,0x00000000a6160f80,0x00000000a6180000)
 Metaspace       used 72616K, committed 74112K, reserved 1179648K
  class space    used 7598K, committed 8256K, reserved 1048576K
}
Event: 53.759 GC heap after
{Heap after GC invocations=1062 (full 3):
 PSYoungGen      total 2048K, used 379K [0x00000000d5580000, 0x00000000d5980000, 0x0000000100000000)
  eden space 1536K, 0% used [0x00000000d5580000,0x00000000d5580000,0x00000000d5700000)
  from space 512K, 74% used [0x00000000d5880000,0x00000000d58deec8,0x00000000d5900000)
  to   space 512K, 0% used [0x00000000d5900000,0x00000000d5900000,0x00000000d5980000)
 ParOldGen       total 624128K, used 624083K [0x0000000080000000, 0x00000000a6180000, 0x00000000d5580000)
  object space 624128K, 99% used [0x0000000080000000,0x00000000a6174f80,0x00000000a6180000)
 Metaspace       used 72616K, committed 74112K, reserved 1179648K
  class space    used 7598K, committed 8256K, reserved 1048576K
}
Event: 53.760 GC heap before
{Heap before GC invocations=1063 (full 3):
 PSYoungGen      total 2048K, used 1915K [0x00000000d5580000, 0x00000000d5980000, 0x0000000100000000)
  eden space 1536K, 100% used [0x00000000d5580000,0x00000000d5700000,0x00000000d5700000)
  from space 512K, 74% used [0x00000000d5880000,0x00000000d58deec8,0x00000000d5900000)
  to   space 512K, 0% used [0x00000000d5900000,0x00000000d5900000,0x00000000d5980000)
 ParOldGen       total 624128K, used 624083K [0x0000000080000000, 0x00000000a6180000, 0x00000000d5580000)
  object space 624128K, 99% used [0x0000000080000000,0x00000000a6174f80,0x00000000a6180000)
 Metaspace       used 72616K, committed 74112K, reserved 1179648K
  class space    used 7598K, committed 8256K, reserved 1048576K
}
Event: 53.761 GC heap after
{Heap after GC invocations=1063 (full 3):
 PSYoungGen      total 2048K, used 160K [0x00000000d5580000, 0x00000000d5980000, 0x0000000100000000)
  eden space 1536K, 0% used [0x00000000d5580000,0x00000000d5580000,0x00000000d5700000)
  from space 512K, 31% used [0x00000000d5900000,0x00000000d5928000,0x00000000d5980000)
  to   space 512K, 0% used [0x00000000d5880000,0x00000000d5880000,0x00000000d5900000)
 ParOldGen       total 624640K, used 624295K [0x0000000080000000, 0x00000000a6200000, 0x00000000d5580000)
  object space 624640K, 99% used [0x0000000080000000,0x00000000a61a9e80,0x00000000a6200000)
 Metaspace       used 72616K, committed 74112K, reserved 1179648K
  class space    used 7598K, committed 8256K, reserved 1048576K
}
Event: 53.762 GC heap before
{Heap before GC invocations=1064 (full 3):
 PSYoungGen      total 2048K, used 1696K [0x00000000d5580000, 0x00000000d5980000, 0x0000000100000000)
  eden space 1536K, 100% used [0x00000000d5580000,0x00000000d5700000,0x00000000d5700000)
  from space 512K, 31% used [0x00000000d5900000,0x00000000d5928000,0x00000000d5980000)
  to   space 512K, 0% used [0x00000000d5880000,0x00000000d5880000,0x00000000d5900000)
 ParOldGen       total 624640K, used 624295K [0x0000000080000000, 0x00000000a6200000, 0x00000000d5580000)
  object space 624640K, 99% used [0x0000000080000000,0x00000000a61a9e80,0x00000000a6200000)
 Metaspace       used 72616K, committed 74112K, reserved 1179648K
  class space    used 7598K, committed 8256K, reserved 1048576K
}
Event: 53.763 GC heap after
{Heap after GC invocations=1064 (full 3):
 PSYoungGen      total 2048K, used 320K [0x00000000d5580000, 0x00000000d5980000, 0x0000000100000000)
  eden space 1536K, 0% used [0x00000000d5580000,0x00000000d5580000,0x00000000d5700000)
  from space 512K, 62% used [0x00000000d5880000,0x00000000d58d0000,0x00000000d5900000)
  to   space 512K, 0% used [0x00000000d5900000,0x00000000d5900000,0x00000000d5980000)
 ParOldGen       total 624640K, used 624391K [0x0000000080000000, 0x00000000a6200000, 0x00000000d5580000)
  object space 624640K, 99% used [0x0000000080000000,0x00000000a61c1e80,0x00000000a6200000)
 Metaspace       used 72616K, committed 74112K, reserved 1179648K
  class space    used 7598K, committed 8256K, reserved 1048576K
}
Event: 53.769 GC heap before
{Heap before GC invocations=1065 (full 3):
 PSYoungGen      total 2048K, used 1856K [0x00000000d5580000, 0x00000000d5980000, 0x0000000100000000)
  eden space 1536K, 100% used [0x00000000d5580000,0x00000000d5700000,0x00000000d5700000)
  from space 512K, 62% used [0x00000000d5880000,0x00000000d58d0000,0x00000000d5900000)
  to   space 512K, 0% used [0x00000000d5900000,0x00000000d5900000,0x00000000d5980000)
 ParOldGen       total 624640K, used 624391K [0x0000000080000000, 0x00000000a6200000, 0x00000000d5580000)
  object space 624640K, 99% used [0x0000000080000000,0x00000000a61c1e80,0x00000000a6200000)
 Metaspace       used 72616K, committed 74112K, reserved 1179648K
  class space    used 7598K, committed 8256K, reserved 1048576K
}
Event: 53.770 GC heap after
{Heap after GC invocations=1065 (full 3):
 PSYoungGen      total 2048K, used 370K [0x00000000d5580000, 0x00000000d5980000, 0x0000000100000000)
  eden space 1536K, 0% used [0x00000000d5580000,0x00000000d5580000,0x00000000d5700000)
  from space 512K, 72% used [0x00000000d5900000,0x00000000d595c8a0,0x00000000d5980000)
  to   space 512K, 0% used [0x00000000d5880000,0x00000000d5880000,0x00000000d5900000)
 ParOldGen       total 624640K, used 624455K [0x0000000080000000, 0x00000000a6200000, 0x00000000d5580000)
  object space 624640K, 99% used [0x0000000080000000,0x00000000a61d1e80,0x00000000a6200000)
 Metaspace       used 72616K, committed 74112K, reserved 1179648K
  class space    used 7598K, committed 8256K, reserved 1048576K
}
Event: 53.771 GC heap before
{Heap before GC invocations=1066 (full 3):
 PSYoungGen      total 2048K, used 1906K [0x00000000d5580000, 0x00000000d5980000, 0x0000000100000000)
  eden space 1536K, 100% used [0x00000000d5580000,0x00000000d5700000,0x00000000d5700000)
  from space 512K, 72% used [0x00000000d5900000,0x00000000d595c8a0,0x00000000d5980000)
  to   space 512K, 0% used [0x00000000d5880000,0x00000000d5880000,0x00000000d5900000)
 ParOldGen       total 624640K, used 624455K [0x0000000080000000, 0x00000000a6200000, 0x00000000d5580000)
  object space 624640K, 99% used [0x0000000080000000,0x00000000a61d1e80,0x00000000a6200000)
 Metaspace       used 72616K, committed 74112K, reserved 1179648K
  class space    used 7598K, committed 8256K, reserved 1048576K
}
Event: 53.772 GC heap after
{Heap after GC invocations=1066 (full 3):
 PSYoungGen      total 2048K, used 320K [0x00000000d5580000, 0x00000000d5980000, 0x0000000100000000)
  eden space 1536K, 0% used [0x00000000d5580000,0x00000000d5580000,0x00000000d5700000)
  from space 512K, 62% used [0x00000000d5880000,0x00000000d58d0000,0x00000000d5900000)
  to   space 512K, 0% used [0x00000000d5900000,0x00000000d5900000,0x00000000d5980000)
 ParOldGen       total 624640K, used 624617K [0x0000000080000000, 0x00000000a6200000, 0x00000000d5580000)
  object space 624640K, 99% used [0x0000000080000000,0x00000000a61fa720,0x00000000a6200000)
 Metaspace       used 72616K, committed 74112K, reserved 1179648K
  class space    used 7598K, committed 8256K, reserved 1048576K
}
Event: 53.778 GC heap before
{Heap before GC invocations=1067 (full 3):
 PSYoungGen      total 2048K, used 1856K [0x00000000d5580000, 0x00000000d5980000, 0x0000000100000000)
  eden space 1536K, 100% used [0x00000000d5580000,0x00000000d5700000,0x00000000d5700000)
  from space 512K, 62% used [0x00000000d5880000,0x00000000d58d0000,0x00000000d5900000)
  to   space 512K, 0% used [0x00000000d5900000,0x00000000d5900000,0x00000000d5980000)
 ParOldGen       total 624640K, used 624617K [0x0000000080000000, 0x00000000a6200000, 0x00000000d5580000)
  object space 624640K, 99% used [0x0000000080000000,0x00000000a61fa720,0x00000000a6200000)
 Metaspace       used 72616K, committed 74112K, reserved 1179648K
  class space    used 7598K, committed 8256K, reserved 1048576K
}
Event: 53.779 GC heap after
{Heap after GC invocations=1067 (full 3):
 PSYoungGen      total 2048K, used 391K [0x00000000d5580000, 0x00000000d5980000, 0x0000000100000000)
  eden space 1536K, 0% used [0x00000000d5580000,0x00000000d5580000,0x00000000d5700000)
  from space 512K, 76% used [0x00000000d5900000,0x00000000d5961c30,0x00000000d5980000)
  to   space 512K, 0% used [0x00000000d5880000,0x00000000d5880000,0x00000000d5900000)
 ParOldGen       total 625152K, used 624705K [0x0000000080000000, 0x00000000a6280000, 0x00000000d5580000)
  object space 625152K, 99% used [0x0000000080000000,0x00000000a6210720,0x00000000a6280000)
 Metaspace       used 72616K, committed 74112K, reserved 1179648K
  class space    used 7598K, committed 8256K, reserved 1048576K
}
Event: 53.780 GC heap before
{Heap before GC invocations=1068 (full 3):
 PSYoungGen      total 2048K, used 1927K [0x00000000d5580000, 0x00000000d5980000, 0x0000000100000000)
  eden space 1536K, 100% used [0x00000000d5580000,0x00000000d5700000,0x00000000d5700000)
  from space 512K, 76% used [0x00000000d5900000,0x00000000d5961c30,0x00000000d5980000)
  to   space 512K, 0% used [0x00000000d5880000,0x00000000d5880000,0x00000000d5900000)
 ParOldGen       total 625152K, used 624705K [0x0000000080000000, 0x00000000a6280000, 0x00000000d5580000)
  object space 625152K, 99% used [0x0000000080000000,0x00000000a6210720,0x00000000a6280000)
 Metaspace       used 72616K, committed 74112K, reserved 1179648K
  class space    used 7598K, committed 8256K, reserved 1048576K
}
Event: 53.781 GC heap after
{Heap after GC invocations=1068 (full 3):
 PSYoungGen      total 2560K, used 288K [0x00000000d5580000, 0x00000000d5980000, 0x0000000100000000)
  eden space 2048K, 0% used [0x00000000d5580000,0x00000000d5580000,0x00000000d5780000)
  from space 512K, 56% used [0x00000000d5880000,0x00000000d58c8000,0x00000000d5900000)
  to   space 512K, 0% used [0x00000000d5900000,0x00000000d5900000,0x00000000d5980000)
 ParOldGen       total 625152K, used 624887K [0x0000000080000000, 0x00000000a6280000, 0x00000000d5580000)
  object space 625152K, 99% used [0x0000000080000000,0x00000000a623de18,0x00000000a6280000)
 Metaspace       used 72616K, committed 74112K, reserved 1179648K
  class space    used 7598K, committed 8256K, reserved 1048576K
}
Event: 53.789 GC heap before
{Heap before GC invocations=1069 (full 3):
 PSYoungGen      total 2560K, used 2336K [0x00000000d5580000, 0x00000000d5980000, 0x0000000100000000)
  eden space 2048K, 100% used [0x00000000d5580000,0x00000000d5780000,0x00000000d5780000)
  from space 512K, 56% used [0x00000000d5880000,0x00000000d58c8000,0x00000000d5900000)
  to   space 512K, 0% used [0x00000000d5900000,0x00000000d5900000,0x00000000d5980000)
 ParOldGen       total 625152K, used 624887K [0x0000000080000000, 0x00000000a6280000, 0x00000000d5580000)
  object space 625152K, 99% used [0x0000000080000000,0x00000000a623de18,0x00000000a6280000)
 Metaspace       used 72616K, committed 74112K, reserved 1179648K
  class space    used 7598K, committed 8256K, reserved 1048576K
}
Event: 53.789 GC heap after
{Heap after GC invocations=1069 (full 3):
 PSYoungGen      total 2560K, used 354K [0x00000000d5580000, 0x00000000d5980000, 0x0000000100000000)
  eden space 2048K, 0% used [0x00000000d5580000,0x00000000d5580000,0x00000000d5780000)
  from space 512K, 69% used [0x00000000d5900000,0x00000000d59588a8,0x00000000d5980000)
  to   space 512K, 0% used [0x00000000d5880000,0x00000000d5880000,0x00000000d5900000)
 ParOldGen       total 625152K, used 624991K [0x0000000080000000, 0x00000000a6280000, 0x00000000d5580000)
  object space 625152K, 99% used [0x0000000080000000,0x00000000a6257e18,0x00000000a6280000)
 Metaspace       used 72616K, committed 74112K, reserved 1179648K
  class space    used 7598K, committed 8256K, reserved 1048576K
}
Event: 53.798 GC heap before
{Heap before GC invocations=1070 (full 3):
 PSYoungGen      total 2560K, used 2394K [0x00000000d5580000, 0x00000000d5980000, 0x0000000100000000)
  eden space 2048K, 99% used [0x00000000d5580000,0x00000000d577dfc8,0x00000000d5780000)
  from space 512K, 69% used [0x00000000d5900000,0x00000000d59588a8,0x00000000d5980000)
  to   space 512K, 0% used [0x00000000d5880000,0x00000000d5880000,0x00000000d5900000)
 ParOldGen       total 625152K, used 624991K [0x0000000080000000, 0x00000000a6280000, 0x00000000d5580000)
  object space 625152K, 99% used [0x0000000080000000,0x00000000a6257e18,0x00000000a6280000)
 Metaspace       used 72616K, committed 74112K, reserved 1179648K
  class space    used 7598K, committed 8256K, reserved 1048576K
}
Event: 53.799 GC heap after
{Heap after GC invocations=1070 (full 3):
 PSYoungGen      total 2560K, used 384K [0x00000000d5580000, 0x00000000d5980000, 0x0000000100000000)
  eden space 2048K, 0% used [0x00000000d5580000,0x00000000d5580000,0x00000000d5780000)
  from space 512K, 75% used [0x00000000d5880000,0x00000000d58e0000,0x00000000d5900000)
  to   space 512K, 0% used [0x00000000d5900000,0x00000000d5900000,0x00000000d5980000)
 ParOldGen       total 625152K, used 625079K [0x0000000080000000, 0x00000000a6280000, 0x00000000d5580000)
  object space 625152K, 99% used [0x0000000080000000,0x00000000a626de18,0x00000000a6280000)
 Metaspace       used 72616K, committed 74112K, reserved 1179648K
  class space    used 7598K, committed 8256K, reserved 1048576K
}
Event: 53.897 GC heap before
{Heap before GC invocations=1071 (full 3):
 PSYoungGen      total 2560K, used 2432K [0x00000000d5580000, 0x00000000d5980000, 0x0000000100000000)
  eden space 2048K, 100% used [0x00000000d5580000,0x00000000d5780000,0x00000000d5780000)
  from space 512K, 75% used [0x00000000d5880000,0x00000000d58e0000,0x00000000d5900000)
  to   space 512K, 0% used [0x00000000d5900000,0x00000000d5900000,0x00000000d5980000)
 ParOldGen       total 625152K, used 625079K [0x0000000080000000, 0x00000000a6280000, 0x00000000d5580000)
  object space 625152K, 99% used [0x0000000080000000,0x00000000a626de18,0x00000000a6280000)
 Metaspace       used 72662K, committed 74176K, reserved 1179648K
  class space    used 7601K, committed 8256K, reserved 1048576K
}
Event: 53.899 GC heap after
{Heap after GC invocations=1071 (full 3):
 PSYoungGen      total 2560K, used 288K [0x00000000d5580000, 0x00000000d5980000, 0x0000000100000000)
  eden space 2048K, 0% used [0x00000000d5580000,0x00000000d5580000,0x00000000d5780000)
  from space 512K, 56% used [0x00000000d5900000,0x00000000d5948000,0x00000000d5980000)
  to   space 512K, 0% used [0x00000000d5880000,0x00000000d5880000,0x00000000d5900000)
 ParOldGen       total 625664K, used 625196K [0x0000000080000000, 0x00000000a6300000, 0x00000000d5580000)
  object space 625664K, 99% used [0x0000000080000000,0x00000000a628b018,0x00000000a6300000)
 Metaspace       used 72662K, committed 74176K, reserved 1179648K
  class space    used 7601K, committed 8256K, reserved 1048576K
}

